"blank"			"=========================="
"blank"			"#Valve_Movement_Title"
"blank"			"=========================="
"+forward"		"#Valve_Move_Forward"
"+back"			"#Valve_Move_Back"
"+left"			"#Valve_Turn_Left"
"+right"		"#Valve_Turn_Right"
"+moveleft"		"#Valve_Move_Left"
"+moveright"	"#Valve_Move_Right"
"+jump"			"#Valve_Jump"
"+duck"			"#Valve_Duck"
"+moveup"		"#Valve_Swim_Up"
"+movedown"		"#Valve_Swim_Down"
"+lookup"		"#Valve_Look_Up"
"+lookdown"		"#Valve_Look_Down"
"force_centerview"	"#Valve_Look_Straight_Ahead"
"+strafe"		"#Valve_Strafe_Modifier"
"+mlook"		"#Valve_Mouse_Look_Modifier"
"+klook"		"#Valve_Keyboard_Look_Modifier"
"+use"			"#Valve_Use_Items"
"+speed"		"#TTT_Walk"
"blank"			"=========================="
"blank"			"#Valve_Communication_Title"
"blank"			"=========================="
"+voicerecord"	"#Valve_Use_Voice_Communication"
"+traitor_voicerecord"	"#TTT_Traitor_Voice_Communication"
"messagemode3"	"#Valve_Chat_Message"
"messagemode4"	"#TTT_Team_Message"
"ttt_radio" "#TTT_Radio_Commands"
"ttt_cycle_mute_team" "#TTT_ToggleLivingMute"
"ttt_ping"  "#TTT_Ping"
"blank"			"=========================="
"blank"			"#Valve_Combat_Title"
"blank"			"=========================="
"+attack"		"#Valve_Primary_Attack"
"+attack2"		"#Valve_Secondary_Attack"
"+reload"		"#Valve_Reload_Weapon"
"drop_weapon"      "#TTT_Drop_Weapon"
"drop_ammo"      "#TTT_Drop_Ammo"
"impulse 100"	"#Valve_Flashlight"
"impulse 201"	"#Valve_Spray_Logo"
"slot1"			"#Valve_Weapon_Category_1"
"slot2"			"#Valve_Weapon_Category_2"
"slot3" 		"#Valve_Weapon_Category_3"
"slot4"			"#Valve_Weapon_Category_4"
"slot5"			"#Valve_Weapon_Category_5"
"slot6"			"#Valve_Weapon_Category_6"
"slot7"			"#Valve_Weapon_Category_7"
"slot8"			"#Valve_Weapon_Category_8"
"slot9"			"#Valve_Weapon_Category_9"
"slot10"			"#Valve_Weapon_Category_0"
"invprev"		"#Valve_Previous_Weapon"
"invnext"		"#Valve_Next_Weapon"
"lastinv"		"#Valve_Last_Weapon_Used"
"ttt_equipswitch" "#TTT_EquipSwitch"
"ttt_unarmed" "#TTT_Unarmed"
"blank"			"=========================="
"blank"			"#Valve_Miscellaneous_Title"
"blank"			"=========================="
"+showscores"	"#Valve_Display_Scores"
"equip"      "#TTT_Equipment"
"ttt_toggle_disguise" "#TTT_ToggleDisguise"
"ttt_tutorial"      "#TTT_Tutorial"
"snapshot"		"#Valve_Take_Screen_Shot"
"save quick"	"#Valve_Quick_Save"
"load quick"	"#Valve_Quick_Load"
"pause"			"#Valve_Pause_Game"
"quit"			"#Valve_Quit_Game"